<?xml version="1.0" encoding="UTF-8"?>
<testng-results skipped="0" failed="0" total="1" passed="1">
  <reporter-output>
  </reporter-output>
  <suite name="inetBankingtest" duration-ms="30612" started-at="2021-07-27T09:17:27Z" finished-at="2021-07-27T09:17:57Z">
    <groups>
    </groups>
    <test name="BankingApp test" duration-ms="30612" started-at="2021-07-27T09:17:27Z" finished-at="2021-07-27T09:17:57Z">
      <class name="com.inetbanking.testCases.TC_LoginTest_001">
        <test-method status="PASS" signature="setup(java.lang.String)[pri:0, instance:com.inetbanking.testCases.TC_LoginTest_001@32d992b2]" name="setup" is-config="true" duration-ms="24041" started-at="2021-07-27T14:47:27Z" finished-at="2021-07-27T14:47:51Z">
          <params>
            <param index="0">
              <value>
                <![CDATA[chrome]]>
              </value>
            </param>
          </params>
          <reporter-output>
          </reporter-output>
        </test-method> <!-- setup -->
        <test-method status="PASS" signature="loginTest()[pri:0, instance:com.inetbanking.testCases.TC_LoginTest_001@32d992b2]" name="loginTest" duration-ms="5264" started-at="2021-07-27T14:47:51Z" finished-at="2021-07-27T14:47:56Z">
          <reporter-output>
          </reporter-output>
        </test-method> <!-- loginTest -->
        <test-method status="PASS" signature="tearDown()[pri:0, instance:com.inetbanking.testCases.TC_LoginTest_001@32d992b2]" name="tearDown" is-config="true" duration-ms="1296" started-at="2021-07-27T14:47:56Z" finished-at="2021-07-27T14:47:57Z">
          <reporter-output>
          </reporter-output>
        </test-method> <!-- tearDown -->
      </class> <!-- com.inetbanking.testCases.TC_LoginTest_001 -->
    </test> <!-- BankingApp test -->
  </suite> <!-- inetBankingtest -->
</testng-results>
